0 info it worked if it ends with ok
1 verbose cli [ 'C:\\Program Files\\nodejs\\node.exe',
1 verbose cli   'C:\\Program Files\\nodejs\\node_modules\\npm\\bin\\npm-cli.js',
1 verbose cli   'run',
1 verbose cli   'test' ]
2 info using npm@3.10.8
3 info using node@v6.9.1
4 verbose run-script [ 'pretest', 'test', 'posttest' ]
5 info lifecycle node1@0.0.0~pretest: node1@0.0.0
6 silly lifecycle node1@0.0.0~pretest: no script for pretest, continuing
7 info lifecycle node1@0.0.0~test: node1@0.0.0
8 verbose lifecycle node1@0.0.0~test: unsafe-perm in lifecycle true
9 verbose lifecycle node1@0.0.0~test: PATH: C:\Program Files\nodejs\node_modules\npm\bin\node-gyp-bin;D:\92.INTELLIJ_WORKSPACE\node1\node_modules\.bin;C:\ProgramData\Oracle\Java\javapath;C:\oracle\product\10.2.0\db_1\bin;C:\oracle\product\10.2.0\client_1\bin;C:\Program Files (x86)\Wizvera\Delfino;C:\Java\jdk1.7.0_40\bin;C:\oracle\product\11.2.0\client_1\bin;C:\Program Files (x86)\Intel\iCLS Client\;C:\Program Files\Intel\iCLS Client\;C:\Windows\system32;C:\Windows;C:\Windows\System32\Wbem;C:\Windows\System32\WindowsPowerShell\v1.0\;C:\Program Files\Intel\Intel(R) Management Engine Components\DAL;C:\Program Files (x86)\Intel\Intel(R) Management Engine Components\DAL;C:\Program Files\Intel\Intel(R) Management Engine Components\IPT;C:\Program Files (x86)\Intel\Intel(R) Management Engine Components\IPT;C:\Program Files\Intel\WiFi\bin\;C:\Program Files\Common Files\Intel\WirelessCommon\;C:\apache-maven-3.2.5\bin;C:\oracle\instantclient;C:\Program Files\nodejs\;C:\Windows\system32\config\systemprofile\.dnx\bin;C:\Program Files\Microsoft DNX\Dnvm\;C:\Program Files\Microsoft SQL Server\130\Tools\Binn\;C:\Program Files (x86)\Windows Kits\8.1\Windows Performance Toolkit\;C:\Program Files\Microsoft SQL Server\110\Tools\Binn\;C:\Program Files\Git\cmd;C:\Program Files (x86)\Google\Cloud SDK\google-cloud-sdk\bin;C:\Users\kira\.dnx\bin;C:\Program Files\Intel\WiFi\bin\;C:\Program Files\Common Files\Intel\WirelessCommon\;C:\Program Files\Bandizip\7z;C:\Users\kira\AppData\Roaming\npm;C:\Users\kira\AppData\Local\atom\bin;C:\Users\kira\AppData\Local\Programs\Fiddler
10 verbose lifecycle node1@0.0.0~test: CWD: D:\92.INTELLIJ_WORKSPACE\node1
11 silly lifecycle node1@0.0.0~test: Args: [ '/d /s /c', 'npm run scss-compile' ]
12 silly lifecycle node1@0.0.0~test: Returned: code: 3221225786  signal: null
13 info lifecycle node1@0.0.0~test: Failed to exec test script
14 verbose stack Error: node1@0.0.0 test: `npm run scss-compile`
14 verbose stack Exit status 3221225786
14 verbose stack     at EventEmitter.<anonymous> (C:\Program Files\nodejs\node_modules\npm\lib\utils\lifecycle.js:255:16)
14 verbose stack     at emitTwo (events.js:106:13)
14 verbose stack     at EventEmitter.emit (events.js:191:7)
14 verbose stack     at ChildProcess.<anonymous> (C:\Program Files\nodejs\node_modules\npm\lib\utils\spawn.js:40:14)
14 verbose stack     at emitTwo (events.js:106:13)
14 verbose stack     at ChildProcess.emit (events.js:191:7)
14 verbose stack     at maybeClose (internal/child_process.js:877:16)
14 verbose stack     at Process.ChildProcess._handle.onexit (internal/child_process.js:226:5)
15 verbose pkgid node1@0.0.0
16 verbose cwd D:\92.INTELLIJ_WORKSPACE\node1
17 error Windows_NT 6.1.7601
18 error argv "C:\\Program Files\\nodejs\\node.exe" "C:\\Program Files\\nodejs\\node_modules\\npm\\bin\\npm-cli.js" "run" "test"
19 error node v6.9.1
20 error npm  v3.10.8
21 error code ELIFECYCLE
22 error node1@0.0.0 test: `npm run scss-compile`
22 error Exit status 3221225786
23 error Failed at the node1@0.0.0 test script 'npm run scss-compile'.
23 error Make sure you have the latest version of node.js and npm installed.
23 error If you do, this is most likely a problem with the node1 package,
23 error not with npm itself.
23 error Tell the author that this fails on your system:
23 error     npm run scss-compile
23 error You can get information on how to open an issue for this project with:
23 error     npm bugs node1
23 error Or if that isn't available, you can get their info via:
23 error     npm owner ls node1
23 error There is likely additional logging output above.
24 verbose exit [ 1, true ]
